<?xml version="1.0" encoding="UTF-8"?>
<!-- Generated by org.testng.reporters.JUnitReportReporter -->
<testsuite hostname="hp-H310B" failures="0" tests="2" name="com.aurelius.authentication.TestForgotPassword" time="7.414" errors="0" timestamp="2024-12-03T18:41:17 IST" skipped="0">
  <testcase classname="com.aurelius.authentication.TestForgotPassword" name="verifyThatEnterTheInvalidEmailInForgotPassword" time="7.102"/>
  <testcase classname="com.aurelius.authentication.TestForgotPassword" name="verifyThatNavigateToTheForgotPassword" time="0.312"/>
</testsuite> <!-- com.aurelius.authentication.TestForgotPassword -->
