<?xml version="1.0" encoding="UTF-8"?>
<!-- Generated by org.testng.reporters.JUnitReportReporter -->
<testsuite hostname="hp-H310B" failures="0" tests="1" name="com.aurelius.authentication.com.BaseClass" time="5.327" errors="0" timestamp="2024-12-03T11:41:19 IST" skipped="0">
  <testcase classname="com.aurelius.authentication.com.BaseClass" name="test" time="5.327"/>
</testsuite> <!-- com.aurelius.authentication.com.BaseClass -->
