<?xml version="1.0" encoding="UTF-8"?>
<!-- Generated by org.testng.reporters.JUnitReportReporter -->
<testsuite hostname="hp-H310B" failures="0" tests="1" name="com.aurelius.profile.TestProfileSection" time="9.189" errors="0" timestamp="2024-12-10T11:18:42 IST" skipped="0">
  <testcase classname="com.aurelius.profile.TestProfileSection" name="verify_user_navigating_to_the_profile_page" time="9.189"/>
</testsuite> <!-- com.aurelius.profile.TestProfileSection -->
