<?xml version="1.0" encoding="UTF-8"?>
<!-- Generated by org.testng.reporters.JUnitReportReporter -->
<testsuite hostname="hp-H310B" failures="0" tests="1" name="com.aurelius.authentication.TestLoginPage" time="6.576" errors="0" timestamp="2024-12-04T12:01:43 IST" skipped="0">
  <testcase classname="com.aurelius.authentication.TestLoginPage" name="VerifyTheUserShouldLogginWithValidCredentials" time="6.576"/>
</testsuite> <!-- com.aurelius.authentication.TestLoginPage -->
