<?xml version="1.0" encoding="UTF-8"?>
<!-- Generated by org.testng.reporters.JUnitReportReporter -->
<testsuite hostname="hp-H310B" failures="0" tests="2" name="com.aurelius.authentication.TestForgotPassword" time="9.961" errors="0" timestamp="2024-12-05T11:40:56 IST" skipped="0">
  <testcase classname="com.aurelius.authentication.TestForgotPassword" name="verifyThatNavigateToTheForgotPassword" time="0.338"/>
  <testcase classname="com.aurelius.authentication.TestForgotPassword" name="verifyThatEnterTheInvalidEmailInForgotPassword" time="9.623"/>
</testsuite> <!-- com.aurelius.authentication.TestForgotPassword -->
